<?xml version="1.0" encoding="UTF-8"?>
<testng-results ignored="0" total="2" passed="2" failed="0" skipped="0">
  <reporter-output>
  </reporter-output>
  <suite started-at="2025-05-20T21:06:24 NPT" name="Suite" finished-at="2025-05-20T21:06:37 NPT" duration-ms="12869">
    <groups>
    </groups>
    <test started-at="2025-05-20T21:06:24 NPT" name="Invalid Login" finished-at="2025-05-20T21:06:32 NPT" duration-ms="8124">
      <class name="ecommerceframeworkbuilding.Invalidlogin">
        <test-method is-config="true" signature="launchApplication()[pri:0, instance:ecommerceframeworkbuilding.Invalidlogin@6cf0e0ba]" started-at="2025-05-20T21:06:24 NPT" name="launchApplication" finished-at="2025-05-20T21:06:30 NPT" duration-ms="5860" status="PASS">
          <reporter-output>
          </reporter-output>
        </test-method> <!-- launchApplication -->
        <test-method signature="invalidCredentials()[pri:0, instance:ecommerceframeworkbuilding.Invalidlogin@6cf0e0ba]" started-at="2025-05-20T21:06:30 NPT" name="invalidCredentials" finished-at="2025-05-20T21:06:31 NPT" duration-ms="1552" status="PASS">
          <reporter-output>
          </reporter-output>
        </test-method> <!-- invalidCredentials -->
        <test-method is-config="true" signature="tearDown()[pri:0, instance:ecommerceframeworkbuilding.Invalidlogin@6cf0e0ba]" started-at="2025-05-20T21:06:31 NPT" name="tearDown" finished-at="2025-05-20T21:06:32 NPT" duration-ms="628" status="PASS">
          <reporter-output>
          </reporter-output>
        </test-method> <!-- tearDown -->
      </class> <!-- ecommerceframeworkbuilding.Invalidlogin -->
    </test> <!-- Invalid Login -->
    <test started-at="2025-05-20T21:06:24 NPT" name="Login" finished-at="2025-05-20T21:06:37 NPT" duration-ms="12869">
      <class name="ecommerceframeworkbuilding.StandAloneTest">
        <test-method is-config="true" signature="launchApplication()[pri:0, instance:ecommerceframeworkbuilding.StandAloneTest@662ac478]" started-at="2025-05-20T21:06:24 NPT" name="launchApplication" finished-at="2025-05-20T21:06:30 NPT" duration-ms="6644" status="PASS">
          <reporter-output>
          </reporter-output>
        </test-method> <!-- launchApplication -->
        <test-method signature="login()[pri:0, instance:ecommerceframeworkbuilding.StandAloneTest@662ac478]" started-at="2025-05-20T21:06:30 NPT" name="login" finished-at="2025-05-20T21:06:36 NPT" duration-ms="5939" status="PASS">
          <reporter-output>
          </reporter-output>
        </test-method> <!-- login -->
        <test-method is-config="true" signature="tearDown()[pri:0, instance:ecommerceframeworkbuilding.StandAloneTest@662ac478]" started-at="2025-05-20T21:06:36 NPT" name="tearDown" finished-at="2025-05-20T21:06:37 NPT" duration-ms="205" status="PASS">
          <reporter-output>
          </reporter-output>
        </test-method> <!-- tearDown -->
      </class> <!-- ecommerceframeworkbuilding.StandAloneTest -->
    </test> <!-- Login -->
  </suite> <!-- Suite -->
</testng-results>
